{"/home/john/git/be_the_golf/app/javascript/components/pages/AssessmentPage.tsx": {"path":"/home/john/git/be_the_golf/app/javascript/components/pages/AssessmentPage.tsx","statementMap":{"0":{"start":{"line":10,"column":0},"end":{"line":10,"column":24}},"1":{"start":{"line":1,"column":0},"end":{"line":1,"column":50}},"2":{"start":{"line":2,"column":0},"end":{"line":2,"column":57}},"3":{"start":{"line":3,"column":0},"end":{"line":3,"column":46}},"4":{"start":{"line":4,"column":0},"end":{"line":4,"column":46}},"5":{"start":{"line":6,"column":0},"end":{"line":6,"column":33}},"6":{"start":{"line":7,"column":0},"end":{"line":7,"column":37}},"7":{"start":{"line":8,"column":0},"end":{"line":8,"column":47}},"8":{"start":{"line":11,"column":24},"end":{"line":11,"column":58}},"9":{"start":{"line":12,"column":19},"end":{"line":12,"column":32}},"10":{"start":{"line":13,"column":22},"end":{"line":13,"column":38}},"11":{"start":{"line":14,"column":30},"end":{"line":14,"column":51}},"12":{"start":{"line":15,"column":52},"end":{"line":15,"column":63}},"13":{"start":{"line":16,"column":36},"end":{"line":16,"column":70}},"14":{"start":{"line":17,"column":42},"end":{"line":17,"column":71}},"15":{"start":{"line":18,"column":44},"end":{"line":18,"column":73}},"16":{"start":{"line":19,"column":32},"end":{"line":19,"column":46}},"17":{"start":{"line":20,"column":38},"end":{"line":20,"column":53}},"18":{"start":{"line":21,"column":28},"end":{"line":21,"column":57}},"19":{"start":{"line":23,"column":2},"end":{"line":45,"column":null}},"20":{"start":{"line":25,"column":23},"end":{"line":40,"column":5}},"21":{"start":{"line":26,"column":27},"end":{"line":26,"column":70}},"22":{"start":{"line":27,"column":6},"end":{"line":39,"column":7}},"23":{"start":{"line":28,"column":8},"end":{"line":35,"column":9}},"24":{"start":{"line":29,"column":31},"end":{"line":29,"column":66}},"25":{"start":{"line":30,"column":10},"end":{"line":30,"column":null}},"26":{"start":{"line":31,"column":10},"end":{"line":31,"column":null}},"27":{"start":{"line":33,"column":10},"end":{"line":33,"column":null}},"28":{"start":{"line":34,"column":10},"end":{"line":34,"column":null}},"29":{"start":{"line":37,"column":8},"end":{"line":37,"column":null}},"30":{"start":{"line":38,"column":8},"end":{"line":38,"column":null}},"31":{"start":{"line":43,"column":22},"end":{"line":43,"column":47}},"32":{"start":{"line":44,"column":4},"end":{"line":44,"column":null}},"33":{"start":{"line":44,"column":17},"end":{"line":44,"column":40}},"34":{"start":{"line":47,"column":28},"end":{"line":65,"column":3}},"35":{"start":{"line":48,"column":4},"end":{"line":64,"column":5}},"36":{"start":{"line":49,"column":6},"end":{"line":49,"column":null}},"37":{"start":{"line":50,"column":11},"end":{"line":64,"column":5}},"38":{"start":{"line":51,"column":6},"end":{"line":51,"column":null}},"39":{"start":{"line":52,"column":11},"end":{"line":64,"column":5}},"40":{"start":{"line":54,"column":6},"end":{"line":54,"column":null}},"41":{"start":{"line":55,"column":6},"end":{"line":55,"column":null}},"42":{"start":{"line":56,"column":11},"end":{"line":64,"column":5}},"43":{"start":{"line":58,"column":6},"end":{"line":58,"column":null}},"44":{"start":{"line":61,"column":6},"end":{"line":63,"column":7}},"45":{"start":{"line":62,"column":8},"end":{"line":62,"column":null}},"46":{"start":{"line":67,"column":23},"end":{"line":85,"column":3}},"47":{"start":{"line":68,"column":4},"end":{"line":68,"column":26}},"48":{"start":{"line":68,"column":20},"end":{"line":68,"column":26}},"49":{"start":{"line":70,"column":4},"end":{"line":70,"column":null}},"50":{"start":{"line":71,"column":4},"end":{"line":71,"column":null}},"51":{"start":{"line":73,"column":4},"end":{"line":84,"column":5}},"52":{"start":{"line":74,"column":23},"end":{"line":77,"column":null}},"53":{"start":{"line":80,"column":6},"end":{"line":80,"column":null}},"54":{"start":{"line":82,"column":6},"end":{"line":82,"column":null}},"55":{"start":{"line":83,"column":6},"end":{"line":83,"column":null}},"56":{"start":{"line":87,"column":21},"end":{"line":108,"column":3}},"57":{"start":{"line":88,"column":4},"end":{"line":107,"column":5}},"58":{"start":{"line":89,"column":27},"end":{"line":89,"column":52}},"59":{"start":{"line":90,"column":46},"end":{"line":94,"column":null}},"60":{"start":{"line":96,"column":31},"end":{"line":96,"column":45}},"61":{"start":{"line":97,"column":6},"end":{"line":97,"column":null}},"62":{"start":{"line":98,"column":6},"end":{"line":98,"column":null}},"63":{"start":{"line":100,"column":6},"end":{"line":106,"column":7}},"64":{"start":{"line":101,"column":8},"end":{"line":101,"column":null}},"65":{"start":{"line":102,"column":8},"end":{"line":102,"column":null}},"66":{"start":{"line":103,"column":8},"end":{"line":103,"column":null}},"67":{"start":{"line":105,"column":8},"end":{"line":105,"column":null}},"68":{"start":{"line":110,"column":23},"end":{"line":110,"column":48}},"69":{"start":{"line":111,"column":22},"end":{"line":111,"column":61}},"70":{"start":{"line":112,"column":21},"end":{"line":112,"column":50}},"71":{"start":{"line":114,"column":2},"end":{"line":120,"column":3}},"72":{"start":{"line":115,"column":4},"end":{"line":119,"column":null}},"73":{"start":{"line":122,"column":2},"end":{"line":128,"column":3}},"74":{"start":{"line":123,"column":4},"end":{"line":127,"column":null}},"75":{"start":{"line":130,"column":2},"end":{"line":196,"column":null}},"76":{"start":{"line":142,"column":29},"end":{"line":142,"column":56}},"77":{"start":{"line":143,"column":30},"end":{"line":143,"column":58}},"78":{"start":{"line":145,"column":14},"end":{"line":170,"column":null}},"79":{"start":{"line":148,"column":33},"end":{"line":148,"column":62}}},"fnMap":{"0":{"name":"AssessmentPage","decl":{"start":{"line":10,"column":24},"end":{"line":10,"column":38}},"loc":{"start":{"line":10,"column":38},"end":{"line":197,"column":1}}},"1":{"name":"(anonymous_1)","decl":{"start":{"line":23,"column":12},"end":{"line":23,"column":15}},"loc":{"start":{"line":23,"column":17},"end":{"line":45,"column":3}}},"2":{"name":"(anonymous_2)","decl":{"start":{"line":25,"column":23},"end":{"line":25,"column":26}},"loc":{"start":{"line":25,"column":28},"end":{"line":40,"column":5}}},"3":{"name":"(anonymous_3)","decl":{"start":{"line":44,"column":11},"end":{"line":44,"column":14}},"loc":{"start":{"line":44,"column":17},"end":{"line":44,"column":40}}},"4":{"name":"(anonymous_4)","decl":{"start":{"line":47,"column":28},"end":{"line":47,"column":29}},"loc":{"start":{"line":47,"column":50},"end":{"line":65,"column":3}}},"5":{"name":"(anonymous_5)","decl":{"start":{"line":67,"column":23},"end":{"line":67,"column":28}},"loc":{"start":{"line":67,"column":70},"end":{"line":85,"column":3}}},"6":{"name":"(anonymous_6)","decl":{"start":{"line":87,"column":21},"end":{"line":87,"column":24}},"loc":{"start":{"line":87,"column":26},"end":{"line":108,"column":3}}},"7":{"name":"(anonymous_7)","decl":{"start":{"line":141,"column":38},"end":{"line":141,"column":39}},"loc":{"start":{"line":141,"column":49},"end":{"line":171,"column":13}}},"8":{"name":"(anonymous_8)","decl":{"start":{"line":148,"column":27},"end":{"line":148,"column":30}},"loc":{"start":{"line":148,"column":33},"end":{"line":148,"column":62}}}},"branchMap":{"0":{"loc":{"start":{"line":27,"column":6},"end":{"line":39,"column":7}},"type":"if","locations":[{"start":{"line":27,"column":6},"end":{"line":39,"column":7}},{"start":{"line":36,"column":13},"end":{"line":39,"column":7}}]},"1":{"loc":{"start":{"line":48,"column":4},"end":{"line":64,"column":5}},"type":"if","locations":[{"start":{"line":48,"column":4},"end":{"line":64,"column":5}},{"start":{"line":50,"column":11},"end":{"line":64,"column":5}}]},"2":{"loc":{"start":{"line":50,"column":11},"end":{"line":64,"column":5}},"type":"if","locations":[{"start":{"line":50,"column":11},"end":{"line":64,"column":5}},{"start":{"line":52,"column":11},"end":{"line":64,"column":5}}]},"3":{"loc":{"start":{"line":50,"column":15},"end":{"line":50,"column":59}},"type":"binary-expr","locations":[{"start":{"line":50,"column":15},"end":{"line":50,"column":29}},{"start":{"line":50,"column":33},"end":{"line":50,"column":59}}]},"4":{"loc":{"start":{"line":52,"column":11},"end":{"line":64,"column":5}},"type":"if","locations":[{"start":{"line":52,"column":11},"end":{"line":64,"column":5}},{"start":{"line":56,"column":11},"end":{"line":64,"column":5}}]},"5":{"loc":{"start":{"line":56,"column":11},"end":{"line":64,"column":5}},"type":"if","locations":[{"start":{"line":56,"column":11},"end":{"line":64,"column":5}},{"start":{"line":59,"column":11},"end":{"line":64,"column":5}}]},"6":{"loc":{"start":{"line":61,"column":6},"end":{"line":63,"column":7}},"type":"if","locations":[{"start":{"line":61,"column":6},"end":{"line":63,"column":7}},{"start":{},"end":{}}]},"7":{"loc":{"start":{"line":68,"column":4},"end":{"line":68,"column":26}},"type":"if","locations":[{"start":{"line":68,"column":4},"end":{"line":68,"column":26}},{"start":{},"end":{}}]},"8":{"loc":{"start":{"line":82,"column":15},"end":{"line":82,"column":69}},"type":"cond-expr","locations":[{"start":{"line":82,"column":38},"end":{"line":82,"column":49}},{"start":{"line":82,"column":52},"end":{"line":82,"column":69}}]},"9":{"loc":{"start":{"line":88,"column":4},"end":{"line":107,"column":5}},"type":"if","locations":[{"start":{"line":88,"column":4},"end":{"line":107,"column":5}},{"start":{},"end":{}}]},"10":{"loc":{"start":{"line":88,"column":8},"end":{"line":88,"column":37}},"type":"binary-expr","locations":[{"start":{"line":88,"column":8},"end":{"line":88,"column":20}},{"start":{"line":88,"column":24},"end":{"line":88,"column":37}}]},"11":{"loc":{"start":{"line":100,"column":6},"end":{"line":106,"column":7}},"type":"if","locations":[{"start":{"line":100,"column":6},"end":{"line":106,"column":7}},{"start":{"line":104,"column":13},"end":{"line":106,"column":7}}]},"12":{"loc":{"start":{"line":112,"column":21},"end":{"line":112,"column":50}},"type":"binary-expr","locations":[{"start":{"line":112,"column":21},"end":{"line":112,"column":33}},{"start":{"line":112,"column":37},"end":{"line":112,"column":50}}]},"13":{"loc":{"start":{"line":114,"column":2},"end":{"line":120,"column":3}},"type":"if","locations":[{"start":{"line":114,"column":2},"end":{"line":120,"column":3}},{"start":{},"end":{}}]},"14":{"loc":{"start":{"line":122,"column":2},"end":{"line":128,"column":3}},"type":"if","locations":[{"start":{"line":122,"column":2},"end":{"line":128,"column":3}},{"start":{},"end":{}}]},"15":{"loc":{"start":{"line":149,"column":28},"end":{"line":149,"column":45}},"type":"binary-expr","locations":[{"start":{"line":149,"column":28},"end":{"line":149,"column":34}},{"start":{"line":149,"column":38},"end":{"line":149,"column":45}}]},"16":{"loc":{"start":{"line":150,"column":29},"end":{"line":150,"column":110}},"type":"cond-expr","locations":[{"start":{"line":150,"column":38},"end":{"line":150,"column":66}},{"start":{"line":150,"column":69},"end":{"line":150,"column":110}}]},"17":{"loc":{"start":{"line":150,"column":69},"end":{"line":150,"column":110}},"type":"cond-expr","locations":[{"start":{"line":150,"column":79},"end":{"line":150,"column":105}},{"start":{"line":150,"column":108},"end":{"line":150,"column":110}}]},"18":{"loc":{"start":{"line":157,"column":23},"end":{"line":160,"column":null}},"type":"binary-expr","locations":[{"start":{"line":157,"column":23},"end":{"line":157,"column":29}},{"start":{"line":158,"column":24},"end":{"line":159,"column":null}}]},"19":{"loc":{"start":{"line":162,"column":23},"end":{"line":165,"column":null}},"type":"binary-expr","locations":[{"start":{"line":162,"column":23},"end":{"line":162,"column":30}},{"start":{"line":163,"column":24},"end":{"line":164,"column":null}}]},"20":{"loc":{"start":{"line":174,"column":11},"end":{"line":177,"column":null}},"type":"binary-expr","locations":[{"start":{"line":174,"column":11},"end":{"line":174,"column":16}},{"start":{"line":175,"column":12},"end":{"line":176,"column":null}}]},"21":{"loc":{"start":{"line":184,"column":24},"end":{"line":184,"column":49}},"type":"binary-expr","locations":[{"start":{"line":184,"column":24},"end":{"line":184,"column":35}},{"start":{"line":184,"column":39},"end":{"line":184,"column":49}}]},"22":{"loc":{"start":{"line":186,"column":15},"end":{"line":190,"column":38}},"type":"cond-expr","locations":[{"start":{"line":187,"column":18},"end":{"line":187,"column":37}},{"start":{"line":188,"column":18},"end":{"line":190,"column":38}}]},"23":{"loc":{"start":{"line":188,"column":18},"end":{"line":190,"column":38}},"type":"cond-expr","locations":[{"start":{"line":189,"column":18},"end":{"line":189,"column":40}},{"start":{"line":190,"column":18},"end":{"line":190,"column":38}}]}},"s":{"0":0,"1":0,"2":0,"3":0,"4":0,"5":0,"6":0,"7":0,"8":0,"9":0,"10":0,"11":0,"12":0,"13":0,"14":0,"15":0,"16":0,"17":0,"18":0,"19":0,"20":0,"21":0,"22":0,"23":0,"24":0,"25":0,"26":0,"27":0,"28":0,"29":0,"30":0,"31":0,"32":0,"33":0,"34":0,"35":0,"36":0,"37":0,"38":0,"39":0,"40":0,"41":0,"42":0,"43":0,"44":0,"45":0,"46":0,"47":0,"48":0,"49":0,"50":0,"51":0,"52":0,"53":0,"54":0,"55":0,"56":0,"57":0,"58":0,"59":0,"60":0,"61":0,"62":0,"63":0,"64":0,"65":0,"66":0,"67":0,"68":0,"69":0,"70":0,"71":0,"72":0,"73":0,"74":0,"75":0,"76":0,"77":0,"78":0,"79":0},"f":{"0":0,"1":0,"2":0,"3":0,"4":0,"5":0,"6":0,"7":0,"8":0},"b":{"0":[0,0],"1":[0,0],"2":[0,0],"3":[0,0],"4":[0,0],"5":[0,0],"6":[0,0],"7":[0,0],"8":[0,0],"9":[0,0],"10":[0,0],"11":[0,0],"12":[0,0],"13":[0,0],"14":[0,0],"15":[0,0],"16":[0,0],"17":[0,0],"18":[0,0],"19":[0,0],"20":[0,0],"21":[0,0],"22":[0,0],"23":[0,0]}}
,"/home/john/git/be_the_golf/app/javascript/components/pages/LandingPage.tsx": {"path":"/home/john/git/be_the_golf/app/javascript/components/pages/LandingPage.tsx","statementMap":{"0":{"start":{"line":6,"column":0},"end":{"line":6,"column":24}},"1":{"start":{"line":1,"column":0},"end":{"line":1,"column":25}},"2":{"start":{"line":2,"column":0},"end":{"line":2,"column":46}},"3":{"start":{"line":3,"column":0},"end":{"line":3,"column":46}},"4":{"start":{"line":4,"column":0},"end":{"line":4,"column":37}},"5":{"start":{"line":7,"column":19},"end":{"line":7,"column":32}},"6":{"start":{"line":8,"column":16},"end":{"line":8,"column":32}},"7":{"start":{"line":10,"column":2},"end":{"line":30,"column":null}},"8":{"start":{"line":21,"column":12},"end":{"line":21,"column":null}}},"fnMap":{"0":{"name":"LandingPage","decl":{"start":{"line":6,"column":24},"end":{"line":6,"column":35}},"loc":{"start":{"line":6,"column":35},"end":{"line":31,"column":1}}},"1":{"name":"(anonymous_1)","decl":{"start":{"line":20,"column":19},"end":{"line":20,"column":22}},"loc":{"start":{"line":20,"column":24},"end":{"line":22,"column":11}}}},"branchMap":{},"s":{"0":0,"1":0,"2":0,"3":0,"4":0,"5":0,"6":0,"7":0,"8":0},"f":{"0":0,"1":0},"b":{}}
,"/home/john/git/be_the_golf/app/javascript/components/pages/ResultsPage.tsx": {"path":"/home/john/git/be_the_golf/app/javascript/components/pages/ResultsPage.tsx","statementMap":{"0":{"start":{"line":8,"column":0},"end":{"line":8,"column":24}},"1":{"start":{"line":1,"column":0},"end":{"line":1,"column":50}},"2":{"start":{"line":2,"column":0},"end":{"line":2,"column":44}},"3":{"start":{"line":3,"column":0},"end":{"line":3,"column":46}},"4":{"start":{"line":4,"column":0},"end":{"line":4,"column":46}},"5":{"start":{"line":6,"column":0},"end":{"line":6,"column":37}},"6":{"start":{"line":9,"column":26},"end":{"line":9,"column":62}},"7":{"start":{"line":10,"column":22},"end":{"line":10,"column":38}},"8":{"start":{"line":11,"column":26},"end":{"line":11,"column":73}},"9":{"start":{"line":12,"column":32},"end":{"line":12,"column":46}},"10":{"start":{"line":13,"column":28},"end":{"line":13,"column":57}},"11":{"start":{"line":14,"column":30},"end":{"line":14,"column":45}},"12":{"start":{"line":16,"column":2},"end":{"line":35,"column":null}},"13":{"start":{"line":17,"column":4},"end":{"line":21,"column":5}},"14":{"start":{"line":18,"column":6},"end":{"line":18,"column":null}},"15":{"start":{"line":19,"column":6},"end":{"line":19,"column":null}},"16":{"start":{"line":20,"column":6},"end":{"line":20,"column":12}},"17":{"start":{"line":23,"column":22},"end":{"line":32,"column":5}},"18":{"start":{"line":24,"column":6},"end":{"line":31,"column":7}},"19":{"start":{"line":25,"column":23},"end":{"line":25,"column":76}},"20":{"start":{"line":26,"column":8},"end":{"line":26,"column":null}},"21":{"start":{"line":28,"column":8},"end":{"line":28,"column":null}},"22":{"start":{"line":30,"column":8},"end":{"line":30,"column":null}},"23":{"start":{"line":34,"column":4},"end":{"line":34,"column":null}},"24":{"start":{"line":37,"column":26},"end":{"line":50,"column":3}},"25":{"start":{"line":38,"column":4},"end":{"line":38,"column":21}},"26":{"start":{"line":38,"column":15},"end":{"line":38,"column":21}},"27":{"start":{"line":40,"column":22},"end":{"line":44,"column":6}},"28":{"start":{"line":46,"column":4},"end":{"line":49,"column":null}},"29":{"start":{"line":47,"column":6},"end":{"line":47,"column":null}},"30":{"start":{"line":48,"column":6},"end":{"line":48,"column":null}},"31":{"start":{"line":48,"column":23},"end":{"line":48,"column":39}},"32":{"start":{"line":52,"column":2},"end":{"line":58,"column":3}},"33":{"start":{"line":53,"column":4},"end":{"line":57,"column":null}},"34":{"start":{"line":60,"column":2},"end":{"line":69,"column":3}},"35":{"start":{"line":61,"column":4},"end":{"line":68,"column":null}},"36":{"start":{"line":65,"column":33},"end":{"line":65,"column":57}},"37":{"start":{"line":71,"column":31},"end":{"line":71,"column":35}},"38":{"start":{"line":72,"column":17},"end":{"line":77,"column":null}},"39":{"start":{"line":79,"column":2},"end":{"line":163,"column":null}},"40":{"start":{"line":106,"column":16},"end":{"line":106,"column":null}},"41":{"start":{"line":129,"column":18},"end":{"line":129,"column":35}},"42":{"start":{"line":139,"column":18},"end":{"line":139,"column":35}}},"fnMap":{"0":{"name":"ResultsPage","decl":{"start":{"line":8,"column":24},"end":{"line":8,"column":35}},"loc":{"start":{"line":8,"column":35},"end":{"line":164,"column":1}}},"1":{"name":"(anonymous_1)","decl":{"start":{"line":16,"column":12},"end":{"line":16,"column":15}},"loc":{"start":{"line":16,"column":17},"end":{"line":35,"column":3}}},"2":{"name":"(anonymous_2)","decl":{"start":{"line":23,"column":22},"end":{"line":23,"column":27}},"loc":{"start":{"line":23,"column":33},"end":{"line":32,"column":5}}},"3":{"name":"(anonymous_3)","decl":{"start":{"line":37,"column":26},"end":{"line":37,"column":29}},"loc":{"start":{"line":37,"column":31},"end":{"line":50,"column":3}}},"4":{"name":"(anonymous_4)","decl":{"start":{"line":46,"column":55},"end":{"line":46,"column":58}},"loc":{"start":{"line":46,"column":60},"end":{"line":49,"column":5}}},"5":{"name":"(anonymous_5)","decl":{"start":{"line":48,"column":17},"end":{"line":48,"column":20}},"loc":{"start":{"line":48,"column":23},"end":{"line":48,"column":39}}},"6":{"name":"(anonymous_6)","decl":{"start":{"line":65,"column":27},"end":{"line":65,"column":30}},"loc":{"start":{"line":65,"column":33},"end":{"line":65,"column":57}}},"7":{"name":"(anonymous_7)","decl":{"start":{"line":105,"column":26},"end":{"line":105,"column":27}},"loc":{"start":{"line":106,"column":16},"end":{"line":106,"column":null}}},"8":{"name":"(anonymous_8)","decl":{"start":{"line":128,"column":35},"end":{"line":128,"column":36}},"loc":{"start":{"line":129,"column":18},"end":{"line":129,"column":35}}},"9":{"name":"(anonymous_9)","decl":{"start":{"line":138,"column":31},"end":{"line":138,"column":32}},"loc":{"start":{"line":139,"column":18},"end":{"line":139,"column":35}}}},"branchMap":{"0":{"loc":{"start":{"line":17,"column":4},"end":{"line":21,"column":5}},"type":"if","locations":[{"start":{"line":17,"column":4},"end":{"line":21,"column":5}},{"start":{},"end":{}}]},"1":{"loc":{"start":{"line":28,"column":17},"end":{"line":28,"column":71}},"type":"cond-expr","locations":[{"start":{"line":28,"column":40},"end":{"line":28,"column":51}},{"start":{"line":28,"column":54},"end":{"line":28,"column":71}}]},"2":{"loc":{"start":{"line":38,"column":4},"end":{"line":38,"column":21}},"type":"if","locations":[{"start":{"line":38,"column":4},"end":{"line":38,"column":21}},{"start":{},"end":{}}]},"3":{"loc":{"start":{"line":52,"column":2},"end":{"line":58,"column":3}},"type":"if","locations":[{"start":{"line":52,"column":2},"end":{"line":58,"column":3}},{"start":{},"end":{}}]},"4":{"loc":{"start":{"line":60,"column":2},"end":{"line":69,"column":3}},"type":"if","locations":[{"start":{"line":60,"column":2},"end":{"line":69,"column":3}},{"start":{},"end":{}}]},"5":{"loc":{"start":{"line":60,"column":6},"end":{"line":60,"column":20}},"type":"binary-expr","locations":[{"start":{"line":60,"column":6},"end":{"line":60,"column":11}},{"start":{"line":60,"column":15},"end":{"line":60,"column":20}}]},"6":{"loc":{"start":{"line":64,"column":52},"end":{"line":64,"column":78}},"type":"binary-expr","locations":[{"start":{"line":64,"column":52},"end":{"line":64,"column":57}},{"start":{"line":64,"column":61},"end":{"line":64,"column":78}}]},"7":{"loc":{"start":{"line":84,"column":11},"end":{"line":87,"column":null}},"type":"binary-expr","locations":[{"start":{"line":84,"column":11},"end":{"line":84,"column":32}},{"start":{"line":85,"column":12},"end":{"line":86,"column":null}}]},"8":{"loc":{"start":{"line":157,"column":15},"end":{"line":157,"column":61}},"type":"cond-expr","locations":[{"start":{"line":157,"column":24},"end":{"line":157,"column":35}},{"start":{"line":157,"column":38},"end":{"line":157,"column":61}}]}},"s":{"0":0,"1":0,"2":0,"3":0,"4":0,"5":0,"6":0,"7":0,"8":0,"9":0,"10":0,"11":0,"12":0,"13":0,"14":0,"15":0,"16":0,"17":0,"18":0,"19":0,"20":0,"21":0,"22":0,"23":0,"24":0,"25":0,"26":0,"27":0,"28":0,"29":0,"30":0,"31":0,"32":0,"33":0,"34":0,"35":0,"36":0,"37":0,"38":0,"39":0,"40":0,"41":0,"42":0},"f":{"0":0,"1":0,"2":0,"3":0,"4":0,"5":0,"6":0,"7":0,"8":0,"9":0},"b":{"0":[0,0],"1":[0,0],"2":[0,0],"3":[0,0],"4":[0,0],"5":[0,0],"6":[0,0],"7":[0,0],"8":[0,0]}}
,"/home/john/git/be_the_golf/app/javascript/components/pages/StartPage.tsx": {"path":"/home/john/git/be_the_golf/app/javascript/components/pages/StartPage.tsx","statementMap":{"0":{"start":{"line":7,"column":0},"end":{"line":7,"column":24}},"1":{"start":{"line":1,"column":0},"end":{"line":1,"column":39}},"2":{"start":{"line":2,"column":0},"end":{"line":2,"column":46}},"3":{"start":{"line":3,"column":0},"end":{"line":3,"column":46}},"4":{"start":{"line":4,"column":0},"end":{"line":4,"column":46}},"5":{"start":{"line":5,"column":0},"end":{"line":5,"column":37}},"6":{"start":{"line":8,"column":19},"end":{"line":8,"column":32}},"7":{"start":{"line":9,"column":22},"end":{"line":9,"column":38}},"8":{"start":{"line":10,"column":36},"end":{"line":10,"column":48}},"9":{"start":{"line":11,"column":30},"end":{"line":11,"column":81}},"10":{"start":{"line":12,"column":34},"end":{"line":12,"column":54}},"11":{"start":{"line":13,"column":32},"end":{"line":13,"column":47}},"12":{"start":{"line":14,"column":28},"end":{"line":14,"column":57}},"13":{"start":{"line":16,"column":23},"end":{"line":44,"column":3}},"14":{"start":{"line":17,"column":4},"end":{"line":17,"column":null}},"15":{"start":{"line":18,"column":4},"end":{"line":18,"column":null}},"16":{"start":{"line":19,"column":4},"end":{"line":19,"column":null}},"17":{"start":{"line":21,"column":24},"end":{"line":41,"column":5}},"18":{"start":{"line":22,"column":6},"end":{"line":40,"column":7}},"19":{"start":{"line":23,"column":28},"end":{"line":23,"column":73}},"20":{"start":{"line":24,"column":25},"end":{"line":30,"column":null}},"21":{"start":{"line":34,"column":8},"end":{"line":34,"column":null}},"22":{"start":{"line":35,"column":8},"end":{"line":35,"column":null}},"23":{"start":{"line":37,"column":8},"end":{"line":37,"column":null}},"24":{"start":{"line":39,"column":8},"end":{"line":39,"column":null}},"25":{"start":{"line":43,"column":4},"end":{"line":43,"column":null}},"26":{"start":{"line":46,"column":2},"end":{"line":120,"column":null}},"27":{"start":{"line":62,"column":31},"end":{"line":62,"column":59}},"28":{"start":{"line":74,"column":16},"end":{"line":74,"column":31}},"29":{"start":{"line":80,"column":36},"end":{"line":80,"column":48}},"30":{"start":{"line":100,"column":31},"end":{"line":100,"column":58}}},"fnMap":{"0":{"name":"StartPage","decl":{"start":{"line":7,"column":24},"end":{"line":7,"column":33}},"loc":{"start":{"line":7,"column":33},"end":{"line":121,"column":1}}},"1":{"name":"(anonymous_1)","decl":{"start":{"line":16,"column":23},"end":{"line":16,"column":24}},"loc":{"start":{"line":16,"column":46},"end":{"line":44,"column":3}}},"2":{"name":"(anonymous_2)","decl":{"start":{"line":21,"column":24},"end":{"line":21,"column":29}},"loc":{"start":{"line":21,"column":35},"end":{"line":41,"column":5}}},"3":{"name":"(anonymous_3)","decl":{"start":{"line":62,"column":24},"end":{"line":62,"column":25}},"loc":{"start":{"line":62,"column":31},"end":{"line":62,"column":59}}},"4":{"name":"(anonymous_4)","decl":{"start":{"line":73,"column":64},"end":{"line":73,"column":65}},"loc":{"start":{"line":74,"column":16},"end":{"line":74,"column":31}}},"5":{"name":"(anonymous_5)","decl":{"start":{"line":80,"column":30},"end":{"line":80,"column":33}},"loc":{"start":{"line":80,"column":36},"end":{"line":80,"column":48}}},"6":{"name":"(anonymous_6)","decl":{"start":{"line":100,"column":24},"end":{"line":100,"column":25}},"loc":{"start":{"line":100,"column":31},"end":{"line":100,"column":58}}}},"branchMap":{"0":{"loc":{"start":{"line":23,"column":28},"end":{"line":23,"column":73}},"type":"cond-expr","locations":[{"start":{"line":23,"column":39},"end":{"line":23,"column":61}},{"start":{"line":23,"column":64},"end":{"line":23,"column":73}}]},"1":{"loc":{"start":{"line":26,"column":24},"end":{"line":26,"column":46}},"type":"binary-expr","locations":[{"start":{"line":26,"column":24},"end":{"line":26,"column":33}},{"start":{"line":26,"column":37},"end":{"line":26,"column":46}}]},"2":{"loc":{"start":{"line":37,"column":17},"end":{"line":37,"column":71}},"type":"cond-expr","locations":[{"start":{"line":37,"column":40},"end":{"line":37,"column":51}},{"start":{"line":37,"column":54},"end":{"line":37,"column":71}}]},"3":{"loc":{"start":{"line":87,"column":13},"end":{"line":88,"column":null}},"type":"binary-expr","locations":[{"start":{"line":87,"column":13},"end":{"line":87,"column":37}},{"start":{"line":88,"column":14},"end":{"line":88,"column":87}}]},"4":{"loc":{"start":{"line":108,"column":11},"end":{"line":111,"column":null}},"type":"binary-expr","locations":[{"start":{"line":108,"column":11},"end":{"line":108,"column":16}},{"start":{"line":109,"column":12},"end":{"line":110,"column":null}}]},"5":{"loc":{"start":{"line":115,"column":13},"end":{"line":115,"column":62}},"type":"cond-expr","locations":[{"start":{"line":115,"column":23},"end":{"line":115,"column":42}},{"start":{"line":115,"column":45},"end":{"line":115,"column":62}}]}},"s":{"0":0,"1":0,"2":0,"3":0,"4":0,"5":0,"6":0,"7":0,"8":0,"9":0,"10":0,"11":0,"12":0,"13":0,"14":0,"15":0,"16":0,"17":0,"18":0,"19":0,"20":0,"21":0,"22":0,"23":0,"24":0,"25":0,"26":0,"27":0,"28":0,"29":0,"30":0},"f":{"0":0,"1":0,"2":0,"3":0,"4":0,"5":0,"6":0},"b":{"0":[0,0],"1":[0,0],"2":[0,0],"3":[0,0],"4":[0,0],"5":[0,0]}}
,"/home/john/git/be_the_golf/app/javascript/components/shared/Button.tsx": {"path":"/home/john/git/be_the_golf/app/javascript/components/shared/Button.tsx","statementMap":{"0":{"start":{"line":8,"column":0},"end":{"line":8,"column":24}},"1":{"start":{"line":1,"column":0},"end":{"line":1,"column":25}},"2":{"start":{"line":14,"column":22},"end":{"line":14,"column":76}},"3":{"start":{"line":15,"column":25},"end":{"line":19,"column":null}},"4":{"start":{"line":21,"column":2},"end":{"line":28,"column":null}}},"fnMap":{"0":{"name":"Button","decl":{"start":{"line":8,"column":24},"end":{"line":8,"column":30}},"loc":{"start":{"line":13,"column":14},"end":{"line":29,"column":1}}}},"branchMap":{"0":{"loc":{"start":{"line":9,"column":2},"end":{"line":9,"column":21}},"type":"default-arg","locations":[{"start":{"line":9,"column":12},"end":{"line":9,"column":21}}]},"1":{"loc":{"start":{"line":11,"column":2},"end":{"line":11,"column":16}},"type":"default-arg","locations":[{"start":{"line":11,"column":14},"end":{"line":11,"column":16}}]}},"s":{"0":0,"1":0,"2":0,"3":0,"4":0},"f":{"0":0},"b":{"0":[0],"1":[0]}}
,"/home/john/git/be_the_golf/app/javascript/components/shared/Card.tsx": {"path":"/home/john/git/be_the_golf/app/javascript/components/shared/Card.tsx","statementMap":{"0":{"start":{"line":10,"column":0},"end":{"line":10,"column":24}},"1":{"start":{"line":1,"column":0},"end":{"line":1,"column":25}},"2":{"start":{"line":11,"column":22},"end":{"line":11,"column":77}},"3":{"start":{"line":12,"column":23},"end":{"line":14,"column":70}},"4":{"start":{"line":16,"column":2},"end":{"line":26,"column":null}},"5":{"start":{"line":22,"column":34},"end":{"line":22,"column":64}}},"fnMap":{"0":{"name":"Card","decl":{"start":{"line":10,"column":24},"end":{"line":10,"column":28}},"loc":{"start":{"line":10,"column":87},"end":{"line":27,"column":1}}},"1":{"name":"(anonymous_1)","decl":{"start":{"line":22,"column":27},"end":{"line":22,"column":28}},"loc":{"start":{"line":22,"column":34},"end":{"line":22,"column":64}}}},"branchMap":{"0":{"loc":{"start":{"line":10,"column":41},"end":{"line":10,"column":55}},"type":"default-arg","locations":[{"start":{"line":10,"column":53},"end":{"line":10,"column":55}}]},"1":{"loc":{"start":{"line":12,"column":23},"end":{"line":14,"column":70}},"type":"cond-expr","locations":[{"start":{"line":13,"column":6},"end":{"line":13,"column":44}},{"start":{"line":14,"column":6},"end":{"line":14,"column":70}}]},"2":{"loc":{"start":{"line":20,"column":12},"end":{"line":20,"column":42}},"type":"cond-expr","locations":[{"start":{"line":20,"column":22},"end":{"line":20,"column":30}},{"start":{"line":20,"column":33},"end":{"line":20,"column":42}}]},"3":{"loc":{"start":{"line":21,"column":16},"end":{"line":21,"column":39}},"type":"cond-expr","locations":[{"start":{"line":21,"column":26},"end":{"line":21,"column":27}},{"start":{"line":21,"column":30},"end":{"line":21,"column":39}}]},"4":{"loc":{"start":{"line":22,"column":17},"end":{"line":22,"column":76}},"type":"cond-expr","locations":[{"start":{"line":22,"column":27},"end":{"line":22,"column":64}},{"start":{"line":22,"column":67},"end":{"line":22,"column":76}}]},"5":{"loc":{"start":{"line":22,"column":34},"end":{"line":22,"column":64}},"type":"binary-expr","locations":[{"start":{"line":22,"column":34},"end":{"line":22,"column":51}},{"start":{"line":22,"column":55},"end":{"line":22,"column":64}}]}},"s":{"0":0,"1":0,"2":0,"3":0,"4":0,"5":0},"f":{"0":0,"1":0},"b":{"0":[0],"1":[0,0],"2":[0,0],"3":[0,0],"4":[0,0],"5":[0,0]}}
,"/home/john/git/be_the_golf/app/javascript/components/shared/ProgressBar.tsx": {"path":"/home/john/git/be_the_golf/app/javascript/components/shared/ProgressBar.tsx","statementMap":{"0":{"start":{"line":8,"column":0},"end":{"line":8,"column":24}},"1":{"start":{"line":1,"column":0},"end":{"line":1,"column":25}},"2":{"start":{"line":9,"column":21},"end":{"line":9,"column":44}},"3":{"start":{"line":11,"column":2},"end":{"line":18,"column":null}}},"fnMap":{"0":{"name":"ProgressBar","decl":{"start":{"line":8,"column":24},"end":{"line":8,"column":35}},"loc":{"start":{"line":8,"column":72},"end":{"line":19,"column":1}}}},"branchMap":{},"s":{"0":0,"1":0,"2":0,"3":0},"f":{"0":0},"b":{}}
,"/home/john/git/be_the_golf/app/javascript/entrypoints/application.tsx": {"path":"/home/john/git/be_the_golf/app/javascript/entrypoints/application.tsx","statementMap":{"0":{"start":{"line":1,"column":0},"end":{"line":1,"column":25}},"1":{"start":{"line":2,"column":0},"end":{"line":2,"column":45}},"2":{"start":{"line":3,"column":0},"end":{"line":3,"column":51}},"3":{"start":{"line":4,"column":0},"end":{"line":4,"column":31}},"4":{"start":{"line":5,"column":0},"end":{"line":5,"column":34}},"5":{"start":{"line":7,"column":0},"end":{"line":17,"column":null}},"6":{"start":{"line":8,"column":20},"end":{"line":8,"column":50}},"7":{"start":{"line":9,"column":2},"end":{"line":16,"column":3}},"8":{"start":{"line":10,"column":17},"end":{"line":10,"column":38}},"9":{"start":{"line":11,"column":4},"end":{"line":15,"column":null}}},"fnMap":{"0":{"name":"(anonymous_0)","decl":{"start":{"line":7,"column":46},"end":{"line":7,"column":49}},"loc":{"start":{"line":7,"column":51},"end":{"line":17,"column":1}}}},"branchMap":{"0":{"loc":{"start":{"line":9,"column":2},"end":{"line":16,"column":3}},"type":"if","locations":[{"start":{"line":9,"column":2},"end":{"line":16,"column":3}},{"start":{},"end":{}}]}},"s":{"0":0,"1":0,"2":0,"3":0,"4":0,"5":0,"6":0,"7":0,"8":0,"9":0},"f":{"0":0},"b":{"0":[0,0]}}
,"/home/john/git/be_the_golf/app/javascript/modules/api/client.ts": {"path":"/home/john/git/be_the_golf/app/javascript/modules/api/client.ts","statementMap":{"0":{"start":{"line":8,"column":21},"end":{"line":8,"column":75}},"1":{"start":{"line":11,"column":2},"end":{"line":16,"column":3}},"2":{"start":{"line":12,"column":19},"end":{"line":12,"column":88}},"3":{"start":{"line":12,"column":54},"end":{"line":12,"column":86}},"4":{"start":{"line":15,"column":4},"end":{"line":15,"column":null}},"5":{"start":{"line":17,"column":2},"end":{"line":17,"column":null}},"6":{"start":{"line":20,"column":13},"end":{"line":66,"column":null}},"7":{"start":{"line":29,"column":21},"end":{"line":35,"column":6}},"8":{"start":{"line":36,"column":4},"end":{"line":36,"column":null}},"9":{"start":{"line":44,"column":21},"end":{"line":52,"column":null}},"10":{"start":{"line":54,"column":4},"end":{"line":54,"column":null}},"11":{"start":{"line":61,"column":21},"end":{"line":62,"column":null}},"12":{"start":{"line":64,"column":4},"end":{"line":64,"column":null}}},"fnMap":{"0":{"name":"handleResponse","decl":{"start":{"line":10,"column":15},"end":{"line":10,"column":29}},"loc":{"start":{"line":10,"column":51},"end":{"line":18,"column":1}}},"1":{"name":"(anonymous_1)","decl":{"start":{"line":12,"column":47},"end":{"line":12,"column":50}},"loc":{"start":{"line":12,"column":54},"end":{"line":12,"column":86}}},"2":{"name":"(anonymous_2)","decl":{"start":{"line":21,"column":2},"end":{"line":21,"column":7}},"loc":{"start":{"line":27,"column":25},"end":{"line":37,"column":3}}},"3":{"name":"(anonymous_3)","decl":{"start":{"line":39,"column":2},"end":{"line":39,"column":7}},"loc":{"start":{"line":42,"column":25},"end":{"line":55,"column":3}}},"4":{"name":"(anonymous_4)","decl":{"start":{"line":57,"column":2},"end":{"line":57,"column":7}},"loc":{"start":{"line":59,"column":25},"end":{"line":65,"column":3}}}},"branchMap":{"0":{"loc":{"start":{"line":8,"column":21},"end":{"line":8,"column":75}},"type":"binary-expr","locations":[{"start":{"line":8,"column":21},"end":{"line":8,"column":49}},{"start":{"line":8,"column":53},"end":{"line":8,"column":75}}]},"1":{"loc":{"start":{"line":11,"column":2},"end":{"line":16,"column":3}},"type":"if","locations":[{"start":{"line":11,"column":2},"end":{"line":16,"column":3}},{"start":{},"end":{}}]},"2":{"loc":{"start":{"line":15,"column":20},"end":{"line":15,"column":77}},"type":"binary-expr","locations":[{"start":{"line":15,"column":20},"end":{"line":15,"column":33}},{"start":{"line":15,"column":37},"end":{"line":15,"column":77}}]},"3":{"loc":{"start":{"line":27,"column":4},"end":{"line":27,"column":25}},"type":"default-arg","locations":[{"start":{"line":27,"column":21},"end":{"line":27,"column":25}}]},"4":{"loc":{"start":{"line":42,"column":4},"end":{"line":42,"column":25}},"type":"default-arg","locations":[{"start":{"line":42,"column":21},"end":{"line":42,"column":25}}]},"5":{"loc":{"start":{"line":59,"column":4},"end":{"line":59,"column":25}},"type":"default-arg","locations":[{"start":{"line":59,"column":21},"end":{"line":59,"column":25}}]}},"s":{"0":0,"1":0,"2":0,"3":0,"4":0,"5":0,"6":0,"7":0,"8":0,"9":0,"10":0,"11":0,"12":0},"f":{"0":0,"1":0,"2":0,"3":0,"4":0},"b":{"0":[0,0],"1":[0,0],"2":[0,0],"3":[0],"4":[0],"5":[0]}}
,"/home/john/git/be_the_golf/app/javascript/modules/i18n/config.ts": {"path":"/home/john/git/be_the_golf/app/javascript/modules/i18n/config.ts","statementMap":{"0":{"start":{"line":1,"column":0},"end":{"line":1,"column":26}},"1":{"start":{"line":2,"column":0},"end":{"line":2,"column":48}},"2":{"start":{"line":3,"column":0},"end":{"line":3,"column":63}},"3":{"start":{"line":5,"column":0},"end":{"line":5,"column":61}},"4":{"start":{"line":7,"column":0},"end":{"line":21,"column":null}},"5":{"start":{"line":23,"column":0},"end":{"line":23,"column":null}}},"fnMap":{},"branchMap":{},"s":{"0":0,"1":0,"2":0,"3":0,"4":0,"5":0},"f":{},"b":{}}
,"/home/john/git/be_the_golf/app/javascript/modules/router/AppRouter.tsx": {"path":"/home/john/git/be_the_golf/app/javascript/modules/router/AppRouter.tsx","statementMap":{"0":{"start":{"line":7,"column":0},"end":{"line":7,"column":24}},"1":{"start":{"line":1,"column":0},"end":{"line":1,"column":63}},"2":{"start":{"line":2,"column":0},"end":{"line":2,"column":60}},"3":{"start":{"line":3,"column":0},"end":{"line":3,"column":56}},"4":{"start":{"line":4,"column":0},"end":{"line":4,"column":66}},"5":{"start":{"line":5,"column":0},"end":{"line":5,"column":60}},"6":{"start":{"line":8,"column":2},"end":{"line":17,"column":null}}},"fnMap":{"0":{"name":"AppRouter","decl":{"start":{"line":7,"column":24},"end":{"line":7,"column":33}},"loc":{"start":{"line":7,"column":33},"end":{"line":18,"column":1}}}},"branchMap":{},"s":{"0":0,"1":0,"2":0,"3":0,"4":0,"5":0,"6":0},"f":{"0":0},"b":{}}
}
